# JRE version: Java(TM) SE Runtime Environment (8.0_74-b02) (build 1.8.0_74-b02)
# Java VM: Java HotSpot(TM) Client VM (25.74-b02 mixed mode, sharing windows-x86 )
Heap:
 def new generation   total 6656K, used 1053K [0x03c00000, 0x04330000, 0x09150000)
  eden space 5952K,  17% used [0x03c00000, 0x03d07468, 0x041d0000)
  from space 704K,   0% used [0x041d0000, 0x041d0000, 0x04280000)
  to   space 704K,   0% used [0x04280000, 0x04280000, 0x04330000)
 tenured generation   total 14672K, used 8801K [0x09150000, 0x09fa4000, 0x13c00000)
   the space 14672K,  59% used [0x09150000, 0x099e84d8, 0x099e8600, 0x09fa4000)
 Metaspace       used 1989K, capacity 3739K, committed 3776K, reserved 4480K
GC Heap History (10 events):
Event: 6.991 GC heap before
{Heap before GC invocations=6 (full 0):
 def new generation   total 4928K, used 4928K [0x03c00000, 0x04150000, 0x09150000)
  eden space 4416K, 100% used [0x03c00000, 0x04050000, 0x04050000)
  from space 512K, 100% used [0x04050000, 0x040d0000, 0x040d0000)
  to   space 512K,   0% used [0x040d0000, 0x040d0000, 0x04150000)
 tenured generation   total 10944K, used 3104K [0x09150000, 0x09c00000, 0x13c00000)
   the space 10944K,  28% used [0x09150000, 0x094582f0, 0x09458400, 0x09c00000)
 Metaspace       used 1689K, capacity 3553K, committed 3648K, reserved 4480K
Event: 7.001 GC heap after
Heap after GC invocations=7 (full 0):
 def new generation   total 4928K, used 512K [0x03c00000, 0x04150000, 0x09150000)
  eden space 4416K,   0% used [0x03c00000, 0x03c00000, 0x04050000)
  from space 512K, 100% used [0x040d0000, 0x04150000, 0x04150000)
  to   space 512K,   0% used [0x04050000, 0x04050000, 0x040d0000)
 tenured generation   total 10944K, used 5919K [0x09150000, 0x09c00000, 0x13c00000)
   the space 10944K,  54% used [0x09150000, 0x09717c38, 0x09717e00, 0x09c00000)
 Metaspace       used 1689K, capacity 3553K, committed 3648K, reserved 4480K
}
Event: 7.612 GC heap before
{Heap before GC invocations=7 (full 0):
 def new generation   total 4928K, used 4928K [0x03c00000, 0x04150000, 0x09150000)
  eden space 4416K, 100% used [0x03c00000, 0x04050000, 0x04050000)
  from space 512K, 100% used [0x040d0000, 0x04150000, 0x04150000)
  to   space 512K,   0% used [0x04050000, 0x04050000, 0x040d0000)
 tenured generation   total 10944K, used 5919K [0x09150000, 0x09c00000, 0x13c00000)
   the space 10944K,  54% used [0x09150000, 0x09717c38, 0x09717e00, 0x09c00000)
 Metaspace       used 1810K, capacity 3592K, committed 3648K, reserved 4480K
Event: 7.626 GC heap after
Heap after GC invocations=8 (full 0):
 def new generation   total 4928K, used 373K [0x03c00000, 0x04150000, 0x09150000)
  eden space 4416K,   0% used [0x03c00000, 0x03c00000, 0x04050000)
  from space 512K,  72% used [0x04050000, 0x040ad678, 0x040d0000)
  to   space 512K,   0% used [0x040d0000, 0x040d0000, 0x04150000)
 tenured generation   total 10944K, used 9426K [0x09150000, 0x09c00000, 0x13c00000)
   the space 10944K,  86% used [0x09150000, 0x09a849c8, 0x09a84a00, 0x09c00000)
 Metaspace       used 1810K, capacity 3592K, committed 3648K, reserved 4480K
}
Event: 7.960 GC heap before
{Heap before GC invocations=8 (full 0):
 def new generation   total 4928K, used 4789K [0x03c00000, 0x04150000, 0x09150000)
  eden space 4416K, 100% used [0x03c00000, 0x04050000, 0x04050000)
  from space 512K,  72% used [0x04050000, 0x040ad678, 0x040d0000)
  to   space 512K,   0% used [0x040d0000, 0x040d0000, 0x04150000)
 tenured generation   total 10944K, used 9426K [0x09150000, 0x09c00000, 0x13c00000)
   the space 10944K,  86% used [0x09150000, 0x09a849c8, 0x09a84a00, 0x09c00000)
 Metaspace       used 1971K, capacity 3720K, committed 3776K, reserved 4480K
Event: 7.964 GC heap after
Heap after GC invocations=9 (full 0):
 def new generation   total 4928K, used 402K [0x03c00000, 0x04150000, 0x09150000)
  eden space 4416K,   0% used [0x03c00000, 0x03c00000, 0x04050000)
  from space 512K,  78% used [0x040d0000, 0x04134990, 0x04150000)
  to   space 512K,   0% used [0x04050000, 0x04050000, 0x040d0000)
 tenured generation   total 10944K, used 9723K [0x09150000, 0x09c00000, 0x13c00000)
   the space 10944K,  88% used [0x09150000, 0x09aceeb0, 0x09acf000, 0x09c00000)
 Metaspace       used 1971K, capacity 3720K, committed 3776K, reserved 4480K
}
Event: 8.027 GC heap before
{Heap before GC invocations=9 (full 0):
 def new generation   total 4928K, used 4818K [0x03c00000, 0x04150000, 0x09150000)
  eden space 4416K, 100% used [0x03c00000, 0x04050000, 0x04050000)
  from space 512K,  78% used [0x040d0000, 0x04134990, 0x04150000)
  to   space 512K,   0% used [0x04050000, 0x04050000, 0x040d0000)
 tenured generation   total 10944K, used 9723K [0x09150000, 0x09c00000, 0x13c00000)
   the space 10944K,  88% used [0x09150000, 0x09aceeb0, 0x09acf000, 0x09c00000)
 Metaspace       used 1971K, capacity 3720K, committed 3776K, reserved 4480K
Event: 8.031 GC heap after
Heap after GC invocations=10 (full 0):
 def new generation   total 4928K, used 512K [0x03c00000, 0x04150000, 0x09150000)
  eden space 4416K,   0% used [0x03c00000, 0x03c00000, 0x04050000)
  from space 512K, 100% used [0x04050000, 0x040d0000, 0x040d0000)
  to   space 512K,   0% used [0x040d0000, 0x040d0000, 0x04150000)
 tenured generation   total 10944K, used 9971K [0x09150000, 0x09c00000, 0x13c00000)
   the space 10944K,  91% used [0x09150000, 0x09b0cc10, 0x09b0ce00, 0x09c00000)
 Metaspace       used 1971K, capacity 3720K, committed 3776K, reserved 4480K
}
Event: 463.610 GC heap before
{Heap before GC invocations=10 (full 0):
 def new generation   total 4928K, used 4819K [0x03c00000, 0x04150000, 0x09150000)
  eden space 4416K,  97% used [0x03c00000, 0x04034fd8, 0x04050000)
  from space 512K, 100% used [0x04050000, 0x040d0000, 0x040d0000)
  to   space 512K,   0% used [0x040d0000, 0x040d0000, 0x04150000)
 tenured generation   total 10944K, used 9971K [0x09150000, 0x09c00000, 0x13c00000)
   the space 10944K,  91% used [0x09150000, 0x09b0cc10, 0x09b0ce00, 0x09c00000)
 Metaspace       used 1993K, capacity 3752K, committed 3776K, reserved 4480K
Event: 463.647 GC heap after
Heap after GC invocations=11 (full 1):
 def new generation   total 6656K, used 0K [0x03c00000, 0x04330000, 0x09150000)
  eden space 5952K,   0% used [0x03c00000, 0x03c00000, 0x041d0000)
  from space 704K,   0% used [0x041d0000, 0x041d0000, 0x04280000)
  to   space 704K,   0% used [0x04280000, 0x04280000, 0x04330000)
 tenured generation   total 14672K, used 8801K [0x09150000, 0x09fa4000, 0x13c00000)
   the space 14672K,  59% used [0x09150000, 0x099e84d8, 0x099e8600, 0x09fa4000)
 Metaspace       used 1989K, capacity 3739K, committed 3776K, reserved 4480K
}

